{"uuid":"87381a35-d90d-495d-ac86-7f1a275c1af7","historyId":"10c3ec09933bbc8d16c24e1a0a5bd971","fullName":"src/test/java/cucumber/features/KSA.feature:16","labels":[{"name":"tag","value":"Regression_KSA"},{"name":"tag","value":"All"},{"name":"host","value":"EG-1BTJRG3"},{"name":"thread","value":"8828@EG-1BTJRG3.main(1)"},{"name":"feature","value":"subscribe Website for KSA"},{"name":"story","value":"Positive Test for all packages."},{"name":"suite","value":"subscribe Website for KSA"},{"name":"testClass","value":"Positive Test for all packages."},{"name":"framework","value":"cucumber4jvm"},{"name":"language","value":"java"},{"name":"gherkin_uri","value":"file:///D:/Task/Jawwy-Automated-UI_Selenuim_Framework/src/test/java/cucumber/features/KSA.feature"},{"name":"package","value":"src.test.java.cucumber.features.KSA_feature.subscribe Website for KSA"}],"links":[],"name":"Positive Test for all packages.","status":"failed","statusDetails":{"known":false,"muted":false,"flaky":false,"message":"expected [LITE2] but found [LITE]","trace":"java.lang.AssertionError: expected [LITE2] but found [LITE]\r\n\tat org.testng.Assert.fail(Assert.java:111)\r\n\tat org.testng.Assert.failNotEquals(Assert.java:1578)\r\n\tat org.testng.Assert.assertEqualsImpl(Assert.java:150)\r\n\tat org.testng.Assert.assertEquals(Assert.java:132)\r\n\tat org.testng.Assert.assertEquals(Assert.java:656)\r\n\tat org.testng.Assert.assertEquals(Assert.java:666)\r\n\tat cucumber.stepDefinition.StepDefinition.all_packages_is_displayed_with(StepDefinition.java:48)\r\n\tat ✽.All packages is displayed with \"LITE2\" , \"CLASSIC\" , \"PREMIUM\"(file:///D:/Task/Jawwy-Automated-UI_Selenuim_Framework/src/test/java/cucumber/features/KSA.feature:12)\r\n"},"stage":"finished","description":"  I want to use all packages and Monthly price","steps":[{"name":"Given  I landed on subscribe Page","status":"passed","statusDetails":{"known":false,"muted":false,"flaky":false},"stage":"finished","steps":[],"attachments":[],"parameters":[],"start":1709854052909,"stop":1709854059392},{"name":"Given  Logged in with landing page","status":"passed","statusDetails":{"known":false,"muted":false,"flaky":false},"stage":"finished","steps":[],"attachments":[],"parameters":[],"start":1709854059393,"stop":1709854059393},{"name":"When  I select \"KSA\" Your Plan","status":"passed","statusDetails":{"known":false,"muted":false,"flaky":false},"stage":"finished","steps":[],"attachments":[],"parameters":[],"start":1709854059394,"stop":1709854060563},{"name":"Then  All packages is displayed with \"LITE2\" , \"CLASSIC\" , \"PREMIUM\"","status":"failed","statusDetails":{"known":false,"muted":false,"flaky":false,"message":"expected [LITE2] but found [LITE]","trace":"java.lang.AssertionError: expected [LITE2] but found [LITE]\r\n\tat org.testng.Assert.fail(Assert.java:111)\r\n\tat org.testng.Assert.failNotEquals(Assert.java:1578)\r\n\tat org.testng.Assert.assertEqualsImpl(Assert.java:150)\r\n\tat org.testng.Assert.assertEquals(Assert.java:132)\r\n\tat org.testng.Assert.assertEquals(Assert.java:656)\r\n\tat org.testng.Assert.assertEquals(Assert.java:666)\r\n\tat cucumber.stepDefinition.StepDefinition.all_packages_is_displayed_with(StepDefinition.java:48)\r\n\tat ✽.All packages is displayed with \"LITE2\" , \"CLASSIC\" , \"PREMIUM\"(file:///D:/Task/Jawwy-Automated-UI_Selenuim_Framework/src/test/java/cucumber/features/KSA.feature:12)\r\n"},"stage":"finished","steps":[],"attachments":[],"parameters":[],"start":1709854060563,"stop":1709854060588}],"attachments":[],"parameters":[{"name":"countryName","value":"KSA"},{"name":"first_package","value":"LITE2"},{"name":"Second_package","value":"CLASSIC"},{"name":"third_package","value":"PREMIUM"}],"start":1709854052908,"stop":1709854060850}